0 info it worked if it ends with ok
1 verbose cli [ '/usr/local/bin/iojs',
1 verbose cli   '/usr/local/bin/npm',
1 verbose cli   'install',
1 verbose cli   'git+ssh://git@github.com/balasan/pell.git',
1 verbose cli   '--save' ]
2 info using npm@3.9.5
3 info using node@v6.2.2
4 silly loadCurrentTree Starting
5 silly install loadCurrentTree
6 silly install readLocalPackageData
7 silly fetchPackageMetaData git+ssh://git@github.com/balasan/pell.git
8 silly fetchOtherPackageData git+ssh://git@github.com/balasan/pell.git
9 silly cache add args [ 'git+ssh://git@github.com/balasan/pell.git', null ]
10 verbose cache add spec git+ssh://git@github.com/balasan/pell.git
11 silly cache add parsed spec Result {
11 silly cache add   raw: 'git+ssh://git@github.com/balasan/pell.git',
11 silly cache add   scope: null,
11 silly cache add   name: null,
11 silly cache add   rawSpec: 'git+ssh://git@github.com/balasan/pell.git',
11 silly cache add   spec: 'git+ssh://git@github.com/balasan/pell.git',
11 silly cache add   type: 'hosted',
11 silly cache add   hosted:
11 silly cache add    { type: 'github',
11 silly cache add      ssh: 'git@github.com:balasan/pell.git',
11 silly cache add      sshUrl: 'git+ssh://git@github.com/balasan/pell.git',
11 silly cache add      httpsUrl: 'git+https://github.com/balasan/pell.git',
11 silly cache add      gitUrl: 'git://github.com/balasan/pell.git',
11 silly cache add      shortcut: 'github:balasan/pell',
11 silly cache add      directUrl: 'https://raw.githubusercontent.com/balasan/pell/master/package.json' } }
12 verbose addRemoteGit caching git+ssh://git@github.com/balasan/pell.git
13 verbose addRemoteGit git+ssh://git@github.com/balasan/pell.git is a repository hosted by github
14 silly tryClone cloning git+ssh://git@github.com/balasan/pell.git via git+ssh://git@github.com/balasan/pell.git
15 verbose tryClone git-ssh-git-github-com-balasan-pell-git-ef8a8079 not in flight; caching
16 verbose correctMkdir /Users/slavab/.npm/_git-remotes correctMkdir not in flight; initializing
17 info git [ 'config', '--get', 'remote.origin.url' ]
18 silly validateExistingRemote git+ssh://git@github.com/balasan/pell.git remote.origin.url: ssh://git@github.com/balasan/pell.git
19 verbose validateExistingRemote git+ssh://git@github.com/balasan/pell.git is updating existing cached remote /Users/slavab/.npm/_git-remotes/git-ssh-git-github-com-balasan-pell-git-ef8a8079
20 info git [ 'fetch', '-a', 'origin' ]
21 verbose updateRemote git fetch -a origin (ssh://git@github.com/balasan/pell.git)
22 verbose correctMkdir /Users/slavab/.npm/_git-remotes correctMkdir not in flight; initializing
23 verbose setPermissions git+ssh://git@github.com/balasan/pell.git set permissions on /Users/slavab/.npm/_git-remotes/git-ssh-git-github-com-balasan-pell-git-ef8a8079
24 verbose resolveHead git+ssh://git@github.com/balasan/pell.git original treeish: master
25 info git [ 'rev-list', '-n1', 'master' ]
26 silly resolveHead git+ssh://git@github.com/balasan/pell.git resolved treeish: b75a2600ba10fb8c0dcfe48147db5876ee975ea7
27 verbose resolveHead git+ssh://git@github.com/balasan/pell.git resolved Git URL: git+ssh://git@github.com/balasan/pell.git#b75a2600ba10fb8c0dcfe48147db5876ee975ea7
28 silly resolveHead Git working directory: /var/folders/_1/n_bw3sb54w3g5_dm5469x02r0000gn/T/npm-40524-1a58661a/git-cache-a2aec19a/b75a2600ba10fb8c0dcfe48147db5876ee975ea7
29 info git [ 'clone',
29 info git   '/Users/slavab/.npm/_git-remotes/git-ssh-git-github-com-balasan-pell-git-ef8a8079',
29 info git   '/var/folders/_1/n_bw3sb54w3g5_dm5469x02r0000gn/T/npm-40524-1a58661a/git-cache-a2aec19a/b75a2600ba10fb8c0dcfe48147db5876ee975ea7' ]
30 verbose cloneResolved git+ssh://git@github.com/balasan/pell.git clone Cloning into '/var/folders/_1/n_bw3sb54w3g5_dm5469x02r0000gn/T/npm-40524-1a58661a/git-cache-a2aec19a/b75a2600ba10fb8c0dcfe48147db5876ee975ea7'...
30 verbose cloneResolved done.
31 info git [ 'checkout', 'b75a2600ba10fb8c0dcfe48147db5876ee975ea7' ]
32 verbose checkoutTreeish git+ssh://git@github.com/balasan/pell.git checkout Note: checking out 'b75a2600ba10fb8c0dcfe48147db5876ee975ea7'.
32 verbose checkoutTreeish
32 verbose checkoutTreeish You are in 'detached HEAD' state. You can look around, make experimental
32 verbose checkoutTreeish changes and commit them, and you can discard any commits you make in this
32 verbose checkoutTreeish state without impacting any branches by performing another checkout.
32 verbose checkoutTreeish
32 verbose checkoutTreeish If you want to create a new branch to retain commits you create, you may
32 verbose checkoutTreeish do so (now or later) by using -b with the checkout command again. Example:
32 verbose checkoutTreeish
32 verbose checkoutTreeish   git checkout -b new_branch_name
32 verbose checkoutTreeish
32 verbose checkoutTreeish HEAD is now at b75a260... headings
33 info git [ 'submodule', '-q', 'update', '--init', '--recursive' ]
34 verbose updateSubmodules git+ssh://git@github.com/balasan/pell.git submodule update
35 verbose addLocalDirectory /Users/slavab/.npm/pell/0.7.0/package.tgz not in flight; packing
36 verbose correctMkdir /Users/slavab/.npm correctMkdir not in flight; initializing
37 verbose tar pack [ '/Users/slavab/.npm/pell/0.7.0/package.tgz',
37 verbose tar pack   '/var/folders/_1/n_bw3sb54w3g5_dm5469x02r0000gn/T/npm-40524-1a58661a/git-cache-a2aec19a/b75a2600ba10fb8c0dcfe48147db5876ee975ea7' ]
38 verbose tarball /Users/slavab/.npm/pell/0.7.0/package.tgz
39 verbose folder /var/folders/_1/n_bw3sb54w3g5_dm5469x02r0000gn/T/npm-40524-1a58661a/git-cache-a2aec19a/b75a2600ba10fb8c0dcfe48147db5876ee975ea7
40 verbose addLocalTarball adding from inside cache /Users/slavab/.npm/pell/0.7.0/package.tgz
41 verbose correctMkdir /Users/slavab/.npm correctMkdir not in flight; initializing
42 verbose addRemoteGit data._from: git+ssh://git@github.com/balasan/pell.git
43 verbose addRemoteGit data._resolved: git+ssh://git@github.com/balasan/pell.git#b75a2600ba10fb8c0dcfe48147db5876ee975ea7
44 silly cache afterAdd pell@0.7.0
45 verbose afterAdd /Users/slavab/.npm/pell/0.7.0/package/package.json not in flight; writing
46 verbose correctMkdir /Users/slavab/.npm correctMkdir not in flight; initializing
47 verbose afterAdd /Users/slavab/.npm/pell/0.7.0/package/package.json written
48 silly install normalizeTree
49 silly loadCurrentTree Finishing
50 silly loadIdealTree Starting
51 silly install loadIdealTree
52 silly cloneCurrentTree Starting
53 silly install cloneCurrentTreeToIdealTree
54 silly cloneCurrentTree Finishing
55 silly loadShrinkwrap Starting
56 silly install loadShrinkwrap
57 silly loadShrinkwrap Finishing
58 silly loadAllDepsIntoIdealTree Starting
59 silly install loadAllDepsIntoIdealTree
60 silly rollbackFailedOptional Starting
61 silly rollbackFailedOptional Finishing
62 silly runTopLevelLifecycles Starting
63 silly runTopLevelLifecycles Finishing
64 silly install printInstalled
65 verbose stack Error: Refusing to install pell as a dependency of itself
65 verbose stack     at checkSelf (/usr/local/lib/node_modules/npm/lib/install/validate-args.js:53:14)
65 verbose stack     at Array.<anonymous> (/usr/local/lib/node_modules/npm/node_modules/slide/lib/bind-actor.js:15:8)
65 verbose stack     at LOOP (/usr/local/lib/node_modules/npm/node_modules/slide/lib/chain.js:15:14)
65 verbose stack     at chain (/usr/local/lib/node_modules/npm/node_modules/slide/lib/chain.js:20:5)
65 verbose stack     at /usr/local/lib/node_modules/npm/lib/install/validate-args.js:16:5
65 verbose stack     at /usr/local/lib/node_modules/npm/node_modules/slide/lib/async-map.js:52:35
65 verbose stack     at Array.forEach (native)
65 verbose stack     at /usr/local/lib/node_modules/npm/node_modules/slide/lib/async-map.js:52:11
65 verbose stack     at Array.forEach (native)
65 verbose stack     at asyncMap (/usr/local/lib/node_modules/npm/node_modules/slide/lib/async-map.js:51:8)
66 verbose cwd /Users/slavab/local/pell
67 error Darwin 16.0.0
68 error argv "/usr/local/bin/iojs" "/usr/local/bin/npm" "install" "git+ssh://git@github.com/balasan/pell.git" "--save"
69 error node v6.2.2
70 error npm  v3.9.5
71 error code ENOSELF
72 error Refusing to install pell as a dependency of itself
73 error If you need help, you may report this error at:
73 error     <https://github.com/npm/npm/issues>
74 verbose exit [ 1, true ]
